[0m11:18:41.900773 [debug] [MainThread]: Sending event: {'category': 'dbt', 'action': 'invocation', 'label': 'start', 'context': [<snowplow_tracker.self_describing_json.SelfDescribingJson object at 0x000002997CF08BC0>, <snowplow_tracker.self_describing_json.SelfDescribingJson object at 0x000002997CF088F0>, <snowplow_tracker.self_describing_json.SelfDescribingJson object at 0x000002997CF08800>]}


============================== 11:18:41.903773 | 6fa85e04-a3ae-4b93-92b4-5bec9c9c6e16 ==============================
[0m11:18:41.903773 [info ] [MainThread]: Running with dbt=1.7.9
[0m11:18:41.904773 [debug] [MainThread]: running dbt with arguments {'printer_width': '80', 'indirect_selection': 'eager', 'log_cache_events': 'False', 'write_json': 'True', 'partial_parse': 'True', 'cache_selected_only': 'False', 'profiles_dir': 'C:\\Users\\luNix\\.dbt', 'debug': 'False', 'warn_error': 'None', 'log_path': 'G:\\ECOLE\\SEMAINE 17\\1-2 DBT Intro\\dbt_quest\\logs', 'version_check': 'True', 'fail_fast': 'False', 'use_colors': 'True', 'use_experimental_parser': 'False', 'no_print': 'None', 'quiet': 'False', 'warn_error_options': 'WarnErrorOptions(include=[], exclude=[])', 'invocation_command': 'dbt run', 'introspect': 'True', 'log_format': 'default', 'target_path': 'None', 'static_parser': 'True', 'send_anonymous_usage_stats': 'True'}
[0m11:18:42.120554 [error] [MainThread]: Encountered an error:
Runtime Error
  Credentials in profile "dbt_quest", target "dev" invalid: ['my_dbt_db'] is not valid under any of the given schemas
[0m11:18:42.122056 [debug] [MainThread]: Command `dbt run` failed at 11:18:42.122056 after 0.64 seconds
[0m11:18:42.122056 [debug] [MainThread]: Sending event: {'category': 'dbt', 'action': 'invocation', 'label': 'end', 'context': [<snowplow_tracker.self_describing_json.SelfDescribingJson object at 0x000002997CF3BEC0>, <snowplow_tracker.self_describing_json.SelfDescribingJson object at 0x000002997CF7CEC0>, <snowplow_tracker.self_describing_json.SelfDescribingJson object at 0x000002997D3889E0>]}
[0m11:18:42.123068 [debug] [MainThread]: Flushing usage events
[0m11:20:08.392930 [debug] [MainThread]: Sending event: {'category': 'dbt', 'action': 'invocation', 'label': 'start', 'context': [<snowplow_tracker.self_describing_json.SelfDescribingJson object at 0x000001ACA3C9BFE0>, <snowplow_tracker.self_describing_json.SelfDescribingJson object at 0x000001ACA3C9AC00>, <snowplow_tracker.self_describing_json.SelfDescribingJson object at 0x000001ACA3C9AF00>]}


============================== 11:20:08.396935 | 9ecd4e8e-e4ac-4b3b-ae18-df76de5032c1 ==============================
[0m11:20:08.396935 [info ] [MainThread]: Running with dbt=1.7.9
[0m11:20:08.396935 [debug] [MainThread]: running dbt with arguments {'printer_width': '80', 'indirect_selection': 'eager', 'write_json': 'True', 'log_cache_events': 'False', 'partial_parse': 'True', 'cache_selected_only': 'False', 'warn_error': 'None', 'debug': 'False', 'profiles_dir': 'C:\\Users\\luNix\\.dbt', 'log_path': 'G:\\ECOLE\\SEMAINE 17\\1-2 DBT Intro\\dbt_quest\\logs', 'version_check': 'True', 'fail_fast': 'False', 'use_colors': 'True', 'use_experimental_parser': 'False', 'no_print': 'None', 'quiet': 'False', 'warn_error_options': 'WarnErrorOptions(include=[], exclude=[])', 'introspect': 'True', 'invocation_command': 'dbt run', 'static_parser': 'True', 'target_path': 'None', 'log_format': 'default', 'send_anonymous_usage_stats': 'True'}
[0m11:20:08.513262 [debug] [MainThread]: Sending event: {'category': 'dbt', 'action': 'project_id', 'label': '9ecd4e8e-e4ac-4b3b-ae18-df76de5032c1', 'context': [<snowplow_tracker.self_describing_json.SelfDescribingJson object at 0x000001ACA4137260>]}
[0m11:20:08.887608 [debug] [MainThread]: Sending event: {'category': 'dbt', 'action': 'adapter_info', 'label': '9ecd4e8e-e4ac-4b3b-ae18-df76de5032c1', 'context': [<snowplow_tracker.self_describing_json.SelfDescribingJson object at 0x000001ACA4160470>]}
[0m11:20:08.888119 [info ] [MainThread]: Registered adapter: mysql=1.7.0
[0m11:20:08.902152 [debug] [MainThread]: checksum: 6ff0d83c3b46f350064523b4e08d9241403ad71d606ba49c4e670afba3668b39, vars: {}, profile: , target: , version: 1.7.9
[0m11:20:08.903153 [info ] [MainThread]: Unable to do partial parsing because saved manifest not found. Starting full parse.
[0m11:20:08.904154 [debug] [MainThread]: Sending event: {'category': 'dbt', 'action': 'partial_parser', 'label': '9ecd4e8e-e4ac-4b3b-ae18-df76de5032c1', 'context': [<snowplow_tracker.self_describing_json.SelfDescribingJson object at 0x000001ACA4575280>]}
[0m11:20:09.691176 [warn ] [MainThread]: [[33mWARNING[0m]: Configuration paths exist in your dbt_project.yml file which do not apply to any resources.
There are 1 unused configuration paths:
- models.dbt_quest.example
[0m11:20:09.694694 [debug] [MainThread]: Sending event: {'category': 'dbt', 'action': 'load_project', 'label': '9ecd4e8e-e4ac-4b3b-ae18-df76de5032c1', 'context': [<snowplow_tracker.self_describing_json.SelfDescribingJson object at 0x000001ACA45422A0>]}
[0m11:20:09.702588 [debug] [MainThread]: Sending event: {'category': 'dbt', 'action': 'resource_counts', 'label': '9ecd4e8e-e4ac-4b3b-ae18-df76de5032c1', 'context': [<snowplow_tracker.self_describing_json.SelfDescribingJson object at 0x000001ACA4880EF0>]}
[0m11:20:09.702588 [info ] [MainThread]: Found 1 model, 1 source, 0 exposures, 0 metrics, 375 macros, 0 groups, 0 semantic models
[0m11:20:09.703588 [debug] [MainThread]: Sending event: {'category': 'dbt', 'action': 'runnable_timing', 'label': '9ecd4e8e-e4ac-4b3b-ae18-df76de5032c1', 'context': [<snowplow_tracker.self_describing_json.SelfDescribingJson object at 0x000001ACA3C98920>]}
[0m11:20:09.704591 [info ] [MainThread]: 
[0m11:20:09.705590 [debug] [MainThread]: Acquiring new mysql connection 'master'
[0m11:20:09.706589 [debug] [ThreadPool]: Acquiring new mysql connection 'list_schemas'
[0m11:20:09.718539 [debug] [ThreadPool]: Using mysql connection "list_schemas"
[0m11:20:09.719538 [debug] [ThreadPool]: On list_schemas: /* {"app": "dbt", "dbt_version": "1.7.9", "profile_name": "dbt_quest", "target_name": "dev", "connection_name": "list_schemas"} */
select distinct schema_name
        from information_schema.schemata
[0m11:20:09.719538 [debug] [ThreadPool]: Opening a new connection, currently in state init
[0m11:20:09.743156 [debug] [ThreadPool]: SQL status: SUCCESS 6 in 0.0 seconds
[0m11:20:09.744162 [debug] [ThreadPool]: On list_schemas: Close
[0m11:20:09.745161 [debug] [ThreadPool]: Acquiring new mysql connection 'list_None_my_dbt_db'
[0m11:20:09.747667 [debug] [ThreadPool]: Using mysql connection "list_None_my_dbt_db"
[0m11:20:09.748673 [debug] [ThreadPool]: On list_None_my_dbt_db: BEGIN
[0m11:20:09.748673 [debug] [ThreadPool]: Opening a new connection, currently in state init
[0m11:20:09.752672 [debug] [ThreadPool]: SQL status: SUCCESS 0 in 0.0 seconds
[0m11:20:09.752672 [debug] [ThreadPool]: Using mysql connection "list_None_my_dbt_db"
[0m11:20:09.752672 [debug] [ThreadPool]: On list_None_my_dbt_db: /* {"app": "dbt", "dbt_version": "1.7.9", "profile_name": "dbt_quest", "target_name": "dev", "connection_name": "list_None_my_dbt_db"} */
select
      null as "database",
      table_name as name,
      table_schema as "schema",
      case when table_type = 'BASE TABLE' then 'table'
           when table_type = 'VIEW' then 'view'
           else table_type
      end as table_type
    from information_schema.tables
    where table_schema = 'my_dbt_db'
  
[0m11:20:09.754674 [debug] [ThreadPool]: SQL status: SUCCESS 6 in 0.0 seconds
[0m11:20:09.755672 [debug] [ThreadPool]: On list_None_my_dbt_db: ROLLBACK
[0m11:20:09.755672 [debug] [ThreadPool]: On list_None_my_dbt_db: Close
[0m11:20:09.756672 [debug] [MainThread]: Sending event: {'category': 'dbt', 'action': 'runnable_timing', 'label': '9ecd4e8e-e4ac-4b3b-ae18-df76de5032c1', 'context': [<snowplow_tracker.self_describing_json.SelfDescribingJson object at 0x000001ACA47275C0>]}
[0m11:20:09.757672 [debug] [MainThread]: Using mysql connection "master"
[0m11:20:09.757672 [debug] [MainThread]: On master: BEGIN
[0m11:20:09.757672 [debug] [MainThread]: Opening a new connection, currently in state init
[0m11:20:09.760684 [debug] [MainThread]: SQL status: SUCCESS 0 in 0.0 seconds
[0m11:20:09.760684 [debug] [MainThread]: On master: COMMIT
[0m11:20:09.760684 [debug] [MainThread]: Using mysql connection "master"
[0m11:20:09.761685 [debug] [MainThread]: On master: COMMIT
[0m11:20:09.761685 [debug] [MainThread]: SQL status: SUCCESS 0 in 0.0 seconds
[0m11:20:09.761685 [debug] [MainThread]: On master: Close
[0m11:20:09.761685 [info ] [MainThread]: Concurrency: 1 threads (target='dev')
[0m11:20:09.762686 [info ] [MainThread]: 
[0m11:20:09.765418 [debug] [Thread-1 (]: Began running node model.dbt_quest.stg_customers
[0m11:20:09.765418 [info ] [Thread-1 (]: 1 of 1 START sql view model my_dbt_db.stg_customers ............................ [RUN]
[0m11:20:09.766423 [debug] [Thread-1 (]: Acquiring new mysql connection 'model.dbt_quest.stg_customers'
[0m11:20:09.766423 [debug] [Thread-1 (]: Began compiling node model.dbt_quest.stg_customers
[0m11:20:09.769947 [debug] [Thread-1 (]: Writing injected SQL for node "model.dbt_quest.stg_customers"
[0m11:20:09.772940 [debug] [Thread-1 (]: Timing info for model.dbt_quest.stg_customers (compile): 11:20:09.766423 => 11:20:09.772940
[0m11:20:09.772940 [debug] [Thread-1 (]: Began executing node model.dbt_quest.stg_customers
[0m11:20:09.787963 [debug] [Thread-1 (]: Writing runtime sql for node "model.dbt_quest.stg_customers"
[0m11:20:09.791967 [debug] [Thread-1 (]: Using mysql connection "model.dbt_quest.stg_customers"
[0m11:20:09.791967 [debug] [Thread-1 (]: On model.dbt_quest.stg_customers: BEGIN
[0m11:20:09.791967 [debug] [Thread-1 (]: Opening a new connection, currently in state init
[0m11:20:09.799720 [debug] [Thread-1 (]: SQL status: SUCCESS 0 in 0.0 seconds
[0m11:20:09.799720 [debug] [Thread-1 (]: Using mysql connection "model.dbt_quest.stg_customers"
[0m11:20:09.799720 [debug] [Thread-1 (]: On model.dbt_quest.stg_customers: /* {"app": "dbt", "dbt_version": "1.7.9", "profile_name": "dbt_quest", "target_name": "dev", "node_id": "model.dbt_quest.stg_customers"} */

  create view `my_dbt_db`.`stg_customers__dbt_tmp`
    
    
  as (
    with source as (
    select * from `my_dbt_db`.`raw_customers`
),
renamed as (
    select
        id as customer_id,
        name as customer_name
    from source
)
select * from renamed
  );
[0m11:20:09.815026 [debug] [Thread-1 (]: SQL status: SUCCESS 0 in 0.0 seconds
[0m11:20:09.818587 [debug] [Thread-1 (]: Using mysql connection "model.dbt_quest.stg_customers"
[0m11:20:09.818587 [debug] [Thread-1 (]: On model.dbt_quest.stg_customers: /* {"app": "dbt", "dbt_version": "1.7.9", "profile_name": "dbt_quest", "target_name": "dev", "node_id": "model.dbt_quest.stg_customers"} */

    drop view if exists `my_dbt_db`.`stg_customers` cascade
  
[0m11:20:09.821577 [debug] [Thread-1 (]: SQL status: SUCCESS 0 in 0.0 seconds
[0m11:20:09.821577 [debug] [Thread-1 (]: Using mysql connection "model.dbt_quest.stg_customers"
[0m11:20:09.821577 [debug] [Thread-1 (]: On model.dbt_quest.stg_customers: /* {"app": "dbt", "dbt_version": "1.7.9", "profile_name": "dbt_quest", "target_name": "dev", "node_id": "model.dbt_quest.stg_customers"} */

    rename table `my_dbt_db`.`stg_customers__dbt_tmp` to `my_dbt_db`.`stg_customers`
  
[0m11:20:09.827994 [debug] [Thread-1 (]: SQL status: SUCCESS 0 in 0.0 seconds
[0m11:20:09.835012 [debug] [Thread-1 (]: On model.dbt_quest.stg_customers: COMMIT
[0m11:20:09.835012 [debug] [Thread-1 (]: Using mysql connection "model.dbt_quest.stg_customers"
[0m11:20:09.835012 [debug] [Thread-1 (]: On model.dbt_quest.stg_customers: COMMIT
[0m11:20:09.836014 [debug] [Thread-1 (]: SQL status: SUCCESS 0 in 0.0 seconds
[0m11:20:09.838538 [debug] [Thread-1 (]: Using mysql connection "model.dbt_quest.stg_customers"
[0m11:20:09.838538 [debug] [Thread-1 (]: On model.dbt_quest.stg_customers: /* {"app": "dbt", "dbt_version": "1.7.9", "profile_name": "dbt_quest", "target_name": "dev", "node_id": "model.dbt_quest.stg_customers"} */
drop view if exists `my_dbt_db`.`stg_customers__dbt_backup`
[0m11:20:09.840532 [debug] [Thread-1 (]: SQL status: SUCCESS 0 in 0.0 seconds
[0m11:20:09.841539 [debug] [Thread-1 (]: Timing info for model.dbt_quest.stg_customers (execute): 11:20:09.772940 => 11:20:09.841539
[0m11:20:09.841539 [debug] [Thread-1 (]: On model.dbt_quest.stg_customers: Close
[0m11:20:09.841539 [debug] [Thread-1 (]: Sending event: {'category': 'dbt', 'action': 'run_model', 'label': '9ecd4e8e-e4ac-4b3b-ae18-df76de5032c1', 'context': [<snowplow_tracker.self_describing_json.SelfDescribingJson object at 0x000001ACA4881A00>]}
[0m11:20:09.841539 [info ] [Thread-1 (]: 1 of 1 OK created sql view model my_dbt_db.stg_customers ....................... [[32mSUCCESS 0[0m in 0.08s]
[0m11:20:09.843051 [debug] [Thread-1 (]: Finished running node model.dbt_quest.stg_customers
[0m11:20:09.844056 [debug] [MainThread]: Using mysql connection "master"
[0m11:20:09.844056 [debug] [MainThread]: On master: BEGIN
[0m11:20:09.844056 [debug] [MainThread]: Opening a new connection, currently in state closed
[0m11:20:09.847560 [debug] [MainThread]: SQL status: SUCCESS 0 in 0.0 seconds
[0m11:20:09.848566 [debug] [MainThread]: On master: COMMIT
[0m11:20:09.848566 [debug] [MainThread]: Using mysql connection "master"
[0m11:20:09.848566 [debug] [MainThread]: On master: COMMIT
[0m11:20:09.848566 [debug] [MainThread]: SQL status: SUCCESS 0 in 0.0 seconds
[0m11:20:09.848566 [debug] [MainThread]: On master: Close
[0m11:20:09.849565 [debug] [MainThread]: Connection 'master' was properly closed.
[0m11:20:09.849565 [debug] [MainThread]: Connection 'list_schemas' was properly closed.
[0m11:20:09.849565 [debug] [MainThread]: Connection 'list_None_my_dbt_db' was properly closed.
[0m11:20:09.849565 [debug] [MainThread]: Connection 'model.dbt_quest.stg_customers' was properly closed.
[0m11:20:09.849565 [info ] [MainThread]: 
[0m11:20:09.850592 [info ] [MainThread]: Finished running 1 view model in 0 hours 0 minutes and 0.14 seconds (0.14s).
[0m11:20:09.850592 [debug] [MainThread]: Command end result
[0m11:20:09.857574 [info ] [MainThread]: 
[0m11:20:09.857574 [info ] [MainThread]: [32mCompleted successfully[0m
[0m11:20:09.858689 [info ] [MainThread]: 
[0m11:20:09.858689 [info ] [MainThread]: Done. PASS=1 WARN=0 ERROR=0 SKIP=0 TOTAL=1
[0m11:20:09.859680 [debug] [MainThread]: Command `dbt run` succeeded at 11:20:09.859680 after 1.55 seconds
[0m11:20:09.859680 [debug] [MainThread]: Sending event: {'category': 'dbt', 'action': 'invocation', 'label': 'end', 'context': [<snowplow_tracker.self_describing_json.SelfDescribingJson object at 0x000001ACA3B233E0>, <snowplow_tracker.self_describing_json.SelfDescribingJson object at 0x000001ACA4726CC0>, <snowplow_tracker.self_describing_json.SelfDescribingJson object at 0x000001ACA3C9B560>]}
[0m11:20:09.859680 [debug] [MainThread]: Flushing usage events
[0m11:42:07.805185 [debug] [MainThread]: Sending event: {'category': 'dbt', 'action': 'invocation', 'label': 'start', 'context': [<snowplow_tracker.self_describing_json.SelfDescribingJson object at 0x000002393A7795E0>, <snowplow_tracker.self_describing_json.SelfDescribingJson object at 0x000002393A77BBC0>, <snowplow_tracker.self_describing_json.SelfDescribingJson object at 0x000002393A77BD40>]}


============================== 11:42:07.808514 | e57b80f8-7487-4841-ba45-341df361c51a ==============================
[0m11:42:07.808514 [info ] [MainThread]: Running with dbt=1.7.9
[0m11:42:07.808514 [debug] [MainThread]: running dbt with arguments {'printer_width': '80', 'indirect_selection': 'eager', 'log_cache_events': 'False', 'write_json': 'True', 'partial_parse': 'True', 'cache_selected_only': 'False', 'warn_error': 'None', 'version_check': 'True', 'debug': 'False', 'log_path': 'G:\\ECOLE\\SEMAINE 17\\1-2 DBT Intro\\dbt_quest\\logs', 'fail_fast': 'False', 'profiles_dir': 'C:\\Users\\luNix\\.dbt', 'use_colors': 'True', 'use_experimental_parser': 'False', 'no_print': 'None', 'quiet': 'False', 'log_format': 'default', 'invocation_command': 'dbt run --select stg_orders', 'introspect': 'True', 'static_parser': 'True', 'target_path': 'None', 'warn_error_options': 'WarnErrorOptions(include=[], exclude=[])', 'send_anonymous_usage_stats': 'True'}
[0m11:42:07.916966 [debug] [MainThread]: Sending event: {'category': 'dbt', 'action': 'project_id', 'label': 'e57b80f8-7487-4841-ba45-341df361c51a', 'context': [<snowplow_tracker.self_describing_json.SelfDescribingJson object at 0x000002393A7ABFE0>]}
[0m11:42:07.959837 [debug] [MainThread]: Sending event: {'category': 'dbt', 'action': 'adapter_info', 'label': 'e57b80f8-7487-4841-ba45-341df361c51a', 'context': [<snowplow_tracker.self_describing_json.SelfDescribingJson object at 0x000002393A673770>]}
[0m11:42:07.959837 [info ] [MainThread]: Registered adapter: mysql=1.7.0
[0m11:42:07.963833 [debug] [MainThread]: checksum: 6ff0d83c3b46f350064523b4e08d9241403ad71d606ba49c4e670afba3668b39, vars: {}, profile: , target: , version: 1.7.9
[0m11:42:07.974339 [info ] [MainThread]: Unable to do partial parsing because a project config has changed
[0m11:42:07.975842 [debug] [MainThread]: Sending event: {'category': 'dbt', 'action': 'partial_parser', 'label': 'e57b80f8-7487-4841-ba45-341df361c51a', 'context': [<snowplow_tracker.self_describing_json.SelfDescribingJson object at 0x000002393B2866C0>]}
[0m11:42:08.389872 [debug] [MainThread]: Sending event: {'category': 'dbt', 'action': 'load_project', 'label': 'e57b80f8-7487-4841-ba45-341df361c51a', 'context': [<snowplow_tracker.self_describing_json.SelfDescribingJson object at 0x000002393A779040>]}
[0m11:42:08.397923 [debug] [MainThread]: Sending event: {'category': 'dbt', 'action': 'resource_counts', 'label': 'e57b80f8-7487-4841-ba45-341df361c51a', 'context': [<snowplow_tracker.self_describing_json.SelfDescribingJson object at 0x000002393C479040>]}
[0m11:42:08.397923 [info ] [MainThread]: Found 2 models, 2 sources, 0 exposures, 0 metrics, 375 macros, 0 groups, 0 semantic models
[0m11:42:08.397923 [debug] [MainThread]: Sending event: {'category': 'dbt', 'action': 'runnable_timing', 'label': 'e57b80f8-7487-4841-ba45-341df361c51a', 'context': [<snowplow_tracker.self_describing_json.SelfDescribingJson object at 0x000002393C3AF5C0>]}
[0m11:42:08.398925 [info ] [MainThread]: 
[0m11:42:08.398925 [debug] [MainThread]: Acquiring new mysql connection 'master'
[0m11:42:08.399924 [debug] [ThreadPool]: Acquiring new mysql connection 'list_schemas'
[0m11:42:08.404925 [debug] [ThreadPool]: Using mysql connection "list_schemas"
[0m11:42:08.404925 [debug] [ThreadPool]: On list_schemas: /* {"app": "dbt", "dbt_version": "1.7.9", "profile_name": "dbt_quest", "target_name": "dev", "connection_name": "list_schemas"} */
select distinct schema_name
        from information_schema.schemata
[0m11:42:08.404925 [debug] [ThreadPool]: Opening a new connection, currently in state init
[0m11:42:08.414434 [debug] [ThreadPool]: SQL status: SUCCESS 6 in 0.0 seconds
[0m11:42:08.415949 [debug] [ThreadPool]: On list_schemas: Close
[0m11:42:08.417955 [debug] [ThreadPool]: Acquiring new mysql connection 'list_None_my_dbt_db'
[0m11:42:08.420960 [debug] [ThreadPool]: Using mysql connection "list_None_my_dbt_db"
[0m11:42:08.422961 [debug] [ThreadPool]: On list_None_my_dbt_db: BEGIN
[0m11:42:08.422961 [debug] [ThreadPool]: Opening a new connection, currently in state init
[0m11:42:08.427185 [debug] [ThreadPool]: SQL status: SUCCESS 0 in 0.0 seconds
[0m11:42:08.427185 [debug] [ThreadPool]: Using mysql connection "list_None_my_dbt_db"
[0m11:42:08.427185 [debug] [ThreadPool]: On list_None_my_dbt_db: /* {"app": "dbt", "dbt_version": "1.7.9", "profile_name": "dbt_quest", "target_name": "dev", "connection_name": "list_None_my_dbt_db"} */
select
      null as "database",
      table_name as name,
      table_schema as "schema",
      case when table_type = 'BASE TABLE' then 'table'
           when table_type = 'VIEW' then 'view'
           else table_type
      end as table_type
    from information_schema.tables
    where table_schema = 'my_dbt_db'
  
[0m11:42:08.428187 [debug] [ThreadPool]: SQL status: SUCCESS 7 in 0.0 seconds
[0m11:42:08.429186 [debug] [ThreadPool]: On list_None_my_dbt_db: ROLLBACK
[0m11:42:08.430188 [debug] [ThreadPool]: On list_None_my_dbt_db: Close
[0m11:42:08.431196 [debug] [MainThread]: Sending event: {'category': 'dbt', 'action': 'runnable_timing', 'label': 'e57b80f8-7487-4841-ba45-341df361c51a', 'context': [<snowplow_tracker.self_describing_json.SelfDescribingJson object at 0x000002393B0B0380>]}
[0m11:42:08.431196 [debug] [MainThread]: Using mysql connection "master"
[0m11:42:08.431196 [debug] [MainThread]: On master: BEGIN
[0m11:42:08.432186 [debug] [MainThread]: Opening a new connection, currently in state init
[0m11:42:08.435189 [debug] [MainThread]: SQL status: SUCCESS 0 in 0.0 seconds
[0m11:42:08.435189 [debug] [MainThread]: On master: COMMIT
[0m11:42:08.435189 [debug] [MainThread]: Using mysql connection "master"
[0m11:42:08.435189 [debug] [MainThread]: On master: COMMIT
[0m11:42:08.436186 [debug] [MainThread]: SQL status: SUCCESS 0 in 0.0 seconds
[0m11:42:08.436692 [debug] [MainThread]: On master: Close
[0m11:42:08.436692 [info ] [MainThread]: Concurrency: 1 threads (target='dev')
[0m11:42:08.437552 [info ] [MainThread]: 
[0m11:42:08.439099 [debug] [Thread-1 (]: Began running node model.dbt_quest.stg_orders
[0m11:42:08.439099 [info ] [Thread-1 (]: 1 of 1 START sql view model my_dbt_db.stg_orders ............................... [RUN]
[0m11:42:08.440104 [debug] [Thread-1 (]: Acquiring new mysql connection 'model.dbt_quest.stg_orders'
[0m11:42:08.440104 [debug] [Thread-1 (]: Began compiling node model.dbt_quest.stg_orders
[0m11:42:08.443102 [debug] [Thread-1 (]: Writing injected SQL for node "model.dbt_quest.stg_orders"
[0m11:42:08.535184 [debug] [Thread-1 (]: Timing info for model.dbt_quest.stg_orders (compile): 11:42:08.440104 => 11:42:08.534191
[0m11:42:08.536181 [debug] [Thread-1 (]: Began executing node model.dbt_quest.stg_orders
[0m11:42:08.552720 [debug] [Thread-1 (]: Writing runtime sql for node "model.dbt_quest.stg_orders"
[0m11:42:08.556078 [debug] [Thread-1 (]: Using mysql connection "model.dbt_quest.stg_orders"
[0m11:42:08.556078 [debug] [Thread-1 (]: On model.dbt_quest.stg_orders: BEGIN
[0m11:42:08.556078 [debug] [Thread-1 (]: Opening a new connection, currently in state init
[0m11:42:08.559082 [debug] [Thread-1 (]: SQL status: SUCCESS 0 in 0.0 seconds
[0m11:42:08.560083 [debug] [Thread-1 (]: Using mysql connection "model.dbt_quest.stg_orders"
[0m11:42:08.560083 [debug] [Thread-1 (]: On model.dbt_quest.stg_orders: /* {"app": "dbt", "dbt_version": "1.7.9", "profile_name": "dbt_quest", "target_name": "dev", "node_id": "model.dbt_quest.stg_orders"} */

  create view `my_dbt_db`.`stg_orders__dbt_tmp`
    
    
  as (
    with source as (
    select * from `my_dbt_db`.`raw_orders`
),
renamed as (
    select
        id as order_id,
        customer as customer_id,
        ordered_at as order_date,
        store_id as store_id
    from source
)
select * from renamed
  );
[0m11:42:08.569090 [debug] [Thread-1 (]: SQL status: SUCCESS 0 in 0.0 seconds
[0m11:42:08.572091 [debug] [Thread-1 (]: Using mysql connection "model.dbt_quest.stg_orders"
[0m11:42:08.573091 [debug] [Thread-1 (]: On model.dbt_quest.stg_orders: /* {"app": "dbt", "dbt_version": "1.7.9", "profile_name": "dbt_quest", "target_name": "dev", "node_id": "model.dbt_quest.stg_orders"} */

    drop view if exists `my_dbt_db`.`stg_orders` cascade
  
[0m11:42:08.574090 [debug] [Thread-1 (]: SQL status: SUCCESS 0 in 0.0 seconds
[0m11:42:08.575090 [debug] [Thread-1 (]: Using mysql connection "model.dbt_quest.stg_orders"
[0m11:42:08.575090 [debug] [Thread-1 (]: On model.dbt_quest.stg_orders: /* {"app": "dbt", "dbt_version": "1.7.9", "profile_name": "dbt_quest", "target_name": "dev", "node_id": "model.dbt_quest.stg_orders"} */

    rename table `my_dbt_db`.`stg_orders__dbt_tmp` to `my_dbt_db`.`stg_orders`
  
[0m11:42:08.579505 [debug] [Thread-1 (]: SQL status: SUCCESS 0 in 0.0 seconds
[0m11:42:08.586075 [debug] [Thread-1 (]: On model.dbt_quest.stg_orders: COMMIT
[0m11:42:08.586075 [debug] [Thread-1 (]: Using mysql connection "model.dbt_quest.stg_orders"
[0m11:42:08.586075 [debug] [Thread-1 (]: On model.dbt_quest.stg_orders: COMMIT
[0m11:42:08.587082 [debug] [Thread-1 (]: SQL status: SUCCESS 0 in 0.0 seconds
[0m11:42:08.590019 [debug] [Thread-1 (]: Using mysql connection "model.dbt_quest.stg_orders"
[0m11:42:08.590019 [debug] [Thread-1 (]: On model.dbt_quest.stg_orders: /* {"app": "dbt", "dbt_version": "1.7.9", "profile_name": "dbt_quest", "target_name": "dev", "node_id": "model.dbt_quest.stg_orders"} */
drop view if exists `my_dbt_db`.`stg_orders__dbt_backup`
[0m11:42:08.592150 [debug] [Thread-1 (]: SQL status: SUCCESS 0 in 0.0 seconds
[0m11:42:08.592150 [debug] [Thread-1 (]: Timing info for model.dbt_quest.stg_orders (execute): 11:42:08.536690 => 11:42:08.592150
[0m11:42:08.593155 [debug] [Thread-1 (]: On model.dbt_quest.stg_orders: Close
[0m11:42:08.593155 [debug] [Thread-1 (]: Sending event: {'category': 'dbt', 'action': 'run_model', 'label': 'e57b80f8-7487-4841-ba45-341df361c51a', 'context': [<snowplow_tracker.self_describing_json.SelfDescribingJson object at 0x000002393C4432F0>]}
[0m11:42:08.594154 [info ] [Thread-1 (]: 1 of 1 OK created sql view model my_dbt_db.stg_orders .......................... [[32mSUCCESS 0[0m in 0.15s]
[0m11:42:08.594154 [debug] [Thread-1 (]: Finished running node model.dbt_quest.stg_orders
[0m11:42:08.595153 [debug] [MainThread]: Using mysql connection "master"
[0m11:42:08.595153 [debug] [MainThread]: On master: BEGIN
[0m11:42:08.595153 [debug] [MainThread]: Opening a new connection, currently in state closed
[0m11:42:08.598663 [debug] [MainThread]: SQL status: SUCCESS 0 in 0.0 seconds
[0m11:42:08.598663 [debug] [MainThread]: On master: COMMIT
[0m11:42:08.598663 [debug] [MainThread]: Using mysql connection "master"
[0m11:42:08.598663 [debug] [MainThread]: On master: COMMIT
[0m11:42:08.599663 [debug] [MainThread]: SQL status: SUCCESS 0 in 0.0 seconds
[0m11:42:08.599663 [debug] [MainThread]: On master: Close
[0m11:42:08.599663 [debug] [MainThread]: Connection 'master' was properly closed.
[0m11:42:08.599663 [debug] [MainThread]: Connection 'list_schemas' was properly closed.
[0m11:42:08.599663 [debug] [MainThread]: Connection 'list_None_my_dbt_db' was properly closed.
[0m11:42:08.599663 [debug] [MainThread]: Connection 'model.dbt_quest.stg_orders' was properly closed.
[0m11:42:08.600672 [info ] [MainThread]: 
[0m11:42:08.600672 [info ] [MainThread]: Finished running 1 view model in 0 hours 0 minutes and 0.20 seconds (0.20s).
[0m11:42:08.600672 [debug] [MainThread]: Command end result
[0m11:42:08.644380 [info ] [MainThread]: 
[0m11:42:08.645884 [info ] [MainThread]: [32mCompleted successfully[0m
[0m11:42:08.645884 [info ] [MainThread]: 
[0m11:42:08.645884 [info ] [MainThread]: Done. PASS=1 WARN=0 ERROR=0 SKIP=0 TOTAL=1
[0m11:42:08.646888 [debug] [MainThread]: Command `dbt run` succeeded at 11:42:08.646888 after 0.92 seconds
[0m11:42:08.646888 [debug] [MainThread]: Sending event: {'category': 'dbt', 'action': 'invocation', 'label': 'end', 'context': [<snowplow_tracker.self_describing_json.SelfDescribingJson object at 0x000002393A5547D0>, <snowplow_tracker.self_describing_json.SelfDescribingJson object at 0x000002393C377CB0>, <snowplow_tracker.self_describing_json.SelfDescribingJson object at 0x000002393C377FB0>]}
[0m11:42:08.646888 [debug] [MainThread]: Flushing usage events
